2025-08-08 23:30:32,956 - /home/vtsakan/Telerehab_DSS_GITHUB/TelerehabDSS/WP3/TeleRehaB_Clinics-20250808/clinic_main.py:849: DeprecationWarning: Callback API version 1 is deprecated, update to latest version
  client = mqtt.Client()
2025-08-08 23:30:38,140 - Broadcasting broker IP: 192.168.2.16
2025-08-08 23:30:38,141 - [1/5] Broadcasted: NEW IP - broker.emqx.io - 192.168.2.16
2025-08-08 23:30:38,375 - JWT Token:
2025-08-08 23:30:38,375 - eyJhbGciOiJIUzI1NiIsInR5cCI6IkpXVCJ9.eyJFbWFpbCI6InRlc3REb2N0b3IiLCJSb2xlIjoiZG9jdG9yIiwiVXNlcklkIjoiMjYiLCJuYmYiOjE3NTQ2ODUwMzcsImV4cCI6MTc1NDcyODIzOCwiaXNzIjoiVGVsZXJlaGFiLWRldmVsb3AiLCJhdWQiOiJUZWxlcmVoYWItZGV2ZWxvcCJ9.AsX-oieXARGkxXUJ1NMqp_U8SaIgM9g3zvfzRnkl3kE
2025-08-08 23:30:38,580 - apiKey:
2025-08-08 23:30:38,580 - j0oMeBtroHpvYrYGi7WhZV2yAQZynsFj2fukpgQr
2025-08-08 23:30:38,584 - Heartbeat server process started.
2025-08-08 23:30:38,587 - Connected to MQTT broker with result code 0
2025-08-08 23:30:38,592 - /home/vtsakan/Telerehab_DSS_GITHUB/TelerehabDSS/WP3/TeleRehaB_Clinics-20250808/clinic_main.py:370: DeprecationWarning: Callback API version 1 is deprecated, update to latest version
  client = mqtt.Client()
2025-08-08 23:30:38,592 - Listening for UDP messages on port 10000...
2025-08-08 23:30:38,737 - MQTT client initialized and connected to broker.
2025-08-08 23:30:39,041 - Connected with result code 0
2025-08-08 23:30:39,041 - Connected to hardbeat server with result code
2025-08-08 23:30:39,041 - 0
2025-08-08 23:30:39,226 - MAC address posted successfully.
2025-08-08 23:30:39,975 - Message Received -> STARTVC
2025-08-08 23:30:39,975 - Received non-JSON message on heartbeat/UOI/ack: ack
2025-08-08 23:30:39,975 - Received message on heartbeat/UOI/ack: ack
2025-08-08 23:30:40,142 - [2/5] Broadcasted: NEW IP - broker.emqx.io - 192.168.2.16
2025-08-08 23:30:40,590 - Message Received -> up
2025-08-08 23:30:40,590 - Received heartbeat on heartbeat/UOI/ping: ping
2025-08-08 23:30:40,590 - Received non-JSON message on heartbeat/UOI/ping: ping
2025-08-08 23:30:40,590 - Received message on heartbeat/UOI/ping: ping
2025-08-08 23:30:40,624 - Received non-JSON message on heartbeat/UOI/ping: ping
2025-08-08 23:30:40,624 - Received message on heartbeat/UOI/ping: ping
2025-08-08 23:30:40,624 - Received heartbeat on heartbeat/UOI/ping: ping
2025-08-08 23:30:40,678 - Received non-JSON message on heartbeat/UOI/ack: ack
2025-08-08 23:30:40,678 - Received message on heartbeat/UOI/ack: ack
2025-08-08 23:30:40,760 - Received non-JSON message on heartbeat/UOI/ack: ack
2025-08-08 23:30:40,760 - Received message on heartbeat/UOI/ack: ack
2025-08-08 23:30:42,144 - [3/5] Broadcasted: NEW IP - broker.emqx.io - 192.168.2.16
2025-08-08 23:30:43,322 - Received non-JSON message on heartbeat/UOI/ack: ack
2025-08-08 23:30:43,322 - Received message on heartbeat/UOI/ack: ack
2025-08-08 23:30:43,389 - Message Received -> STOP_RECORDING
2025-08-08 23:30:43,866 - Received JSON message on exercise@UOI/demo: {'action': 'Connected', 'exercise': '/', 'code': '/', 'timestamp': '2025-08-08 11:30:42', 'message': '/', 'language': '/', 'speechRecognition': False, 'allowedRecognitionWords': [], 'allowedRecognitionWordsEnglish': []}
2025-08-08 23:30:43,866 - Received message on exercise@UOI/demo: {'action': 'Connected', 'exercise': '/', 'code': '/', 'timestamp': '2025-08-08 11:30:42', 'message': '/', 'language': '/', 'speechRecognition': False, 'allowedRecognitionWords': [], 'allowedRecognitionWordsEnglish': []}
2025-08-08 23:30:43,866 - App has connected.
2025-08-08 23:30:44,146 - [4/5] Broadcasted: NEW IP - broker.emqx.io - 192.168.2.16
2025-08-08 23:30:45,232 - Waiting for app to connect...
2025-08-08 23:30:45,232 - App connected, continuing...
2025-08-08 23:30:46,148 - [5/5] Broadcasted: NEW IP - broker.emqx.io - 192.168.2.16
2025-08-08 23:30:47,234 - Published: {'action': 'LANGUAGE', 'exercise': '/', 'timestamp': '2025-08-08T23:30:47.234460', 'code': '', 'message': '', 'language': 'EN'} to exercise@UOI/demo
2025-08-08 23:30:47,345 - Received JSON message on exercise@UOI/demo: {'action': 'LANGUAGE', 'exercise': '/', 'timestamp': '2025-08-08T23:30:47.234460', 'code': '', 'message': '', 'language': 'EN'}
2025-08-08 23:30:47,345 - Received message on exercise@UOI/demo: {'action': 'LANGUAGE', 'exercise': '/', 'timestamp': '2025-08-08T23:30:47.234460', 'code': '', 'message': '', 'language': 'EN'}
2025-08-08 23:30:47,551 - Received JSON message on exercise@UOI/demo: {'action': 'ACK', 'exercise': '/', 'code': 'START_ACK', 'timestamp': '2025-08-08 11:30:46', 'message': '/', 'language': 'EN', 'speechRecognition': False, 'allowedRecognitionWords': [], 'allowedRecognitionWordsEnglish': []}
2025-08-08 23:30:47,551 - Received message on exercise@UOI/demo: {'action': 'ACK', 'exercise': '/', 'code': 'START_ACK', 'timestamp': '2025-08-08 11:30:46', 'message': '/', 'language': 'EN', 'speechRecognition': False, 'allowedRecognitionWords': [], 'allowedRecognitionWordsEnglish': []}
2025-08-08 23:30:47,835 - Received JSON message on exercise@UOI/demo: {'action': 'FINISH', 'exercise': '/', 'code': '/', 'timestamp': '2025-08-08 11:30:46', 'message': '/', 'language': 'EN', 'speechRecognition': False, 'allowedRecognitionWords': [], 'allowedRecognitionWordsEnglish': []}
2025-08-08 23:30:47,835 - Received message on exercise@UOI/demo: {'action': 'FINISH', 'exercise': '/', 'code': '/', 'timestamp': '2025-08-08 11:30:46', 'message': '/', 'language': 'EN', 'speechRecognition': False, 'allowedRecognitionWords': [], 'allowedRecognitionWordsEnglish': []}
2025-08-08 23:30:48,150 - Broadcast complete.
2025-08-08 23:30:48,235 - Language set to EN
2025-08-08 23:30:48,236 - Running scenario...
2025-08-08 23:30:49,092 - --- Daily Schedule --- original order
2025-08-08 23:30:49,092 - 1
2025-08-08 23:30:49,092 - Exercise 1 - Sit - Yaw
2025-08-08 23:30:49,092 - 4
2025-08-08 23:30:49,092 - Exercise 4 - Stand - Maintain Balance
2025-08-08 23:30:49,092 - 43
2025-08-08 23:30:49,092 - Exercise 43 - Overhead reach
2025-08-08 23:30:49,092 - 9
2025-08-08 23:30:49,092 - Exercise 9 - Walk - Yaw
2025-08-08 23:30:49,092 - 19
2025-08-08 23:30:49,092 - Exercise 19 - Lateral weight shifts
2025-08-08 23:30:49,092 - 18
2025-08-08 23:30:49,092 - Exercise 18 - Sit to Stand
2025-08-08 23:30:49,092 - 17
2025-08-08 23:30:49,092 - Exercise 17 - seated marching on the spot
2025-08-08 23:30:49,092 - 16
2025-08-08 23:30:49,092 - Exercise 16 - Heel raises (indication: STROKE ONLY* foot drop)
2025-08-08 23:30:49,092 - 15
2025-08-08 23:30:49,092 - Exercise 15 - Assisted toe raises (indication: STROKE ONLY* foot drop)
2025-08-08 23:30:49,092 - 3
2025-08-08 23:30:49,092 - Exercise 3 - Sit - Bend
2025-08-08 23:30:49,092 - 2
2025-08-08 23:30:49,092 - Exercise 2 - Sit - Pitch
2025-08-08 23:30:49,092 - 13
2025-08-08 23:30:49,092 - Stretch 3 - standing calf stretch
2025-08-08 23:30:49,092 - 12
2025-08-08 23:30:49,092 - Stretch 2 - Seated lateral trunk flexion
2025-08-08 23:30:49,092 - 14
2025-08-08 23:30:49,092 - Exercise 14 - Seated trunk rotation
2025-08-08 23:30:49,092 - 20
2025-08-08 23:30:49,092 - Exercise 20 - Limits of stability (anteroposterior)
2025-08-08 23:30:49,092 - 21
2025-08-08 23:30:49,092 - Exercise 21 - Forward reach
2025-08-08 23:30:49,092 - --- Daily Schedule --- reordered order
2025-08-08 23:30:49,092 - 13
2025-08-08 23:30:49,092 - Stretch 3 - standing calf stretch
2025-08-08 23:30:49,092 - 12
2025-08-08 23:30:49,092 - Stretch 2 - Seated lateral trunk flexion
2025-08-08 23:30:49,092 - 1
2025-08-08 23:30:49,093 - Exercise 1 - Sit - Yaw
2025-08-08 23:30:49,093 - 18
2025-08-08 23:30:49,093 - Exercise 18 - Sit to Stand
2025-08-08 23:30:49,093 - 17
2025-08-08 23:30:49,093 - Exercise 17 - seated marching on the spot
2025-08-08 23:30:49,093 - 16
2025-08-08 23:30:49,093 - Exercise 16 - Heel raises (indication: STROKE ONLY* foot drop)
2025-08-08 23:30:49,093 - 15
2025-08-08 23:30:49,093 - Exercise 15 - Assisted toe raises (indication: STROKE ONLY* foot drop)
2025-08-08 23:30:49,093 - 3
2025-08-08 23:30:49,093 - Exercise 3 - Sit - Bend
2025-08-08 23:30:49,093 - 2
2025-08-08 23:30:49,093 - Exercise 2 - Sit - Pitch
2025-08-08 23:30:49,093 - 14
2025-08-08 23:30:49,093 - Exercise 14 - Seated trunk rotation
2025-08-08 23:30:49,093 - 4
2025-08-08 23:30:49,093 - Exercise 4 - Stand - Maintain Balance
2025-08-08 23:30:49,093 - 43
2025-08-08 23:30:49,093 - Exercise 43 - Overhead reach
2025-08-08 23:30:49,093 - 19
2025-08-08 23:30:49,093 - Exercise 19 - Lateral weight shifts
2025-08-08 23:30:49,093 - 20
2025-08-08 23:30:49,093 - Exercise 20 - Limits of stability (anteroposterior)
2025-08-08 23:30:49,093 - 21
2025-08-08 23:30:49,093 - Exercise 21 - Forward reach
2025-08-08 23:30:49,093 - 9
2025-08-08 23:30:49,093 - Exercise 9 - Walk - Yaw
2025-08-08 23:30:49,093 - Processing Exercise ID: 13
2025-08-08 23:30:49,093 - Published: {'action': 'START', 'exercise': 'VC holobalance_stretching_3 P0', 'timestamp': '2025-08-08T23:30:49.093468', 'code': '', 'message': '', 'language': '/'} to exercise@UOI/demo
2025-08-08 23:30:49,181 - Received JSON message on exercise@UOI/demo: {'action': 'START', 'exercise': 'VC holobalance_stretching_3 P0', 'timestamp': '2025-08-08T23:30:49.093468', 'code': '', 'message': '', 'language': '/'}
2025-08-08 23:30:49,181 - Received message on exercise@UOI/demo: {'action': 'START', 'exercise': 'VC holobalance_stretching_3 P0', 'timestamp': '2025-08-08T23:30:49.093468', 'code': '', 'message': '', 'language': '/'}
2025-08-08 23:30:49,436 - Received JSON message on exercise@UOI/demo: {'action': 'ACK', 'exercise': 'VC holobalance_stretching_3 P0', 'code': 'START_ACK', 'timestamp': '2025-08-08 11:30:48', 'message': '/', 'language': '/', 'speechRecognition': False, 'allowedRecognitionWords': [], 'allowedRecognitionWordsEnglish': []}
2025-08-08 23:30:49,436 - Received message on exercise@UOI/demo: {'action': 'ACK', 'exercise': 'VC holobalance_stretching_3 P0', 'code': 'START_ACK', 'timestamp': '2025-08-08 11:30:48', 'message': '/', 'language': '/', 'speechRecognition': False, 'allowedRecognitionWords': [], 'allowedRecognitionWordsEnglish': []}
2025-08-08 23:30:56,767 - Received JSON message on exercise@UOI/demo: {'action': 'DEMO_START', 'exercise': 'VC holobalance_stretching_3 P0', 'code': '/', 'timestamp': '2025-30-08 11:30:55', 'message': '/', 'language': '/', 'speechRecognition': False, 'allowedRecognitionWords': [], 'allowedRecognitionWordsEnglish': []}
2025-08-08 23:30:56,767 - Received message on exercise@UOI/demo: {'action': 'DEMO_START', 'exercise': 'VC holobalance_stretching_3 P0', 'code': '/', 'timestamp': '2025-30-08 11:30:55', 'message': '/', 'language': '/', 'speechRecognition': False, 'allowedRecognitionWords': [], 'allowedRecognitionWordsEnglish': []}
2025-08-08 23:31:05,674 - Closing socket
2025-08-08 23:31:05,674 - Traceback (most recent call last):
2025-08-08 23:31:05,674 - File "/home/vtsakan/Telerehab_DSS_GITHUB/TelerehabDSS/WP3/TeleRehaB_Clinics-20250808/clinic_main.py", line 888, in <module>
2025-08-08 23:31:05,675 - client.loop_forever()
2025-08-08 23:31:05,675 - File "/home/vtsakan/.local/lib/python3.10/site-packages/paho/mqtt/client.py", line 2297, in loop_forever
2025-08-08 23:31:05,675 - rc = self._loop(timeout)
2025-08-08 23:31:05,675 - File "/home/vtsakan/.local/lib/python3.10/site-packages/paho/mqtt/client.py", line 1663, in _loop
2025-08-08 23:31:05,675 - socklist = select.select(rlist, wlist, [], timeout)
2025-08-08 23:31:05,675 - KeyboardInterrupt
2025-08-08 23:31:05,682 - Process Process-6:
2025-08-08 23:31:05,683 - Process Process-5:
2025-08-08 23:31:05,683 - Process Process-7:
2025-08-08 23:31:05,683 - Traceback (most recent call last):
2025-08-08 23:31:05,683 - File "/usr/lib/python3.10/multiprocessing/process.py", line 314, in _bootstrap
    self.run()
2025-08-08 23:31:05,683 - File "/usr/lib/python3.10/multiprocessing/process.py", line 108, in run
    self._target(*self._args, **self._kwargs)
2025-08-08 23:31:05,683 - File "/home/vtsakan/Telerehab_DSS_GITHUB/TelerehabDSS/WP3/TeleRehaB_Clinics-20250808/UDPSERVER.py", line 47, in start_unicast_server
    data, address = sock.recvfrom(1024)
2025-08-08 23:31:05,683 - KeyboardInterrupt
2025-08-08 23:31:05,684 - Traceback (most recent call last):
2025-08-08 23:31:05,684 - File "/usr/lib/python3.10/multiprocessing/process.py", line 314, in _bootstrap
    self.run()
2025-08-08 23:31:05,684 - Traceback (most recent call last):
2025-08-08 23:31:05,684 - File "/usr/lib/python3.10/multiprocessing/process.py", line 108, in run
    self._target(*self._args, **self._kwargs)
2025-08-08 23:31:05,684 - File "/usr/lib/python3.10/multiprocessing/process.py", line 314, in _bootstrap
    self.run()
2025-08-08 23:31:05,684 - File "/home/vtsakan/Telerehab_DSS_GITHUB/TelerehabDSS/WP3/TeleRehaB_Clinics-20250808/clinic_main.py", line 375, in mqtt_heartbeat_server
    client.loop_forever()
2025-08-08 23:31:05,684 - File "/usr/lib/python3.10/multiprocessing/process.py", line 108, in run
    self._target(*self._args, **self._kwargs)
2025-08-08 23:31:05,684 - File "/home/vtsakan/.local/lib/python3.10/site-packages/paho/mqtt/client.py", line 2297, in loop_forever
    rc = self._loop(timeout)
2025-08-08 23:31:05,684 - File "/home/vtsakan/Telerehab_DSS_GITHUB/TelerehabDSS/WP3/TeleRehaB_Clinics-20250808/clinic_main.py", line 151, in start_mqtt_listener
    client.loop_forever()  # Blocking call to listen continuously
2025-08-08 23:31:05,684 - File "/home/vtsakan/.local/lib/python3.10/site-packages/paho/mqtt/client.py", line 1663, in _loop
    socklist = select.select(rlist, wlist, [], timeout)
2025-08-08 23:31:05,684 - File "/home/vtsakan/.local/lib/python3.10/site-packages/paho/mqtt/client.py", line 2297, in loop_forever
    rc = self._loop(timeout)
2025-08-08 23:31:05,684 - KeyboardInterrupt
2025-08-08 23:31:05,684 - File "/home/vtsakan/.local/lib/python3.10/site-packages/paho/mqtt/client.py", line 1663, in _loop
    socklist = select.select(rlist, wlist, [], timeout)
2025-08-08 23:31:05,684 - KeyboardInterrupt
2025-08-08 23:31:05,874 - Exception ignored in:
2025-08-08 23:31:05,874 - <module 'threading' from '/usr/lib/python3.10/threading.py'>
2025-08-08 23:31:05,874 - Traceback (most recent call last):
2025-08-08 23:31:05,874 - File "/usr/lib/python3.10/threading.py", line 1567, in _shutdown
2025-08-08 23:31:05,874 - lock.acquire()
2025-08-08 23:31:05,874 - KeyboardInterrupt
2025-08-08 23:31:05,874 - :
