2025-08-09 00:03:24,646 - /home/vtsakan/Telerehab_DSS_GITHUB/TelerehabDSS/WP3/TeleRehaB_Clinics-20250808/clinic_main.py:850: DeprecationWarning: Callback API version 1 is deprecated, update to latest version
  client = mqtt.Client()
2025-08-09 00:03:24,833 - Broadcasting broker IP: 192.168.2.16
2025-08-09 00:03:24,833 - [1/5] Broadcasted: NEW IP - broker.emqx.io - 192.168.2.16
2025-08-09 00:03:25,091 - JWT Token:
2025-08-09 00:03:25,091 - eyJhbGciOiJIUzI1NiIsInR5cCI6IkpXVCJ9.eyJFbWFpbCI6InRlc3REb2N0b3IiLCJSb2xlIjoiZG9jdG9yIiwiVXNlcklkIjoiMjYiLCJuYmYiOjE3NTQ2ODcwMDQsImV4cCI6MTc1NDczMDIwNSwiaXNzIjoiVGVsZXJlaGFiLWRldmVsb3AiLCJhdWQiOiJUZWxlcmVoYWItZGV2ZWxvcCJ9.Hcd3witn73a02Obm7SxY9lpvR_B8EA7AFXxMgHUI1tE
2025-08-09 00:03:25,309 - apiKey:
2025-08-09 00:03:25,309 - j0oMeBtroHpvYrYGi7WhZV2yAQZynsFj2fukpgQr
2025-08-09 00:03:25,313 - Connected to MQTT broker with result code 0
2025-08-09 00:03:25,318 - Listening for UDP messages on port 10000...
2025-08-09 00:03:25,427 - MQTT client initialized and connected to broker.
2025-08-09 00:03:25,764 - Connected with result code 0
2025-08-09 00:03:25,973 - MAC address posted successfully.
2025-08-09 00:03:26,420 - Message Received -> STARTVC
2025-08-09 00:03:26,454 - Message Received -> up
2025-08-09 00:03:26,835 - [2/5] Broadcasted: NEW IP - broker.emqx.io - 192.168.2.16
2025-08-09 00:03:28,837 - [3/5] Broadcasted: NEW IP - broker.emqx.io - 192.168.2.16
2025-08-09 00:03:30,291 - Message Received -> STOP_RECORDING
2025-08-09 00:03:30,840 - [4/5] Broadcasted: NEW IP - broker.emqx.io - 192.168.2.16
2025-08-09 00:03:31,330 - Received JSON message on exercise@UOI/demo: {'action': 'Connected', 'exercise': '/', 'code': '/', 'timestamp': '2025-08-09 12:03:30', 'message': '/', 'language': '/', 'speechRecognition': False, 'allowedRecognitionWords': [], 'allowedRecognitionWordsEnglish': []}
2025-08-09 00:03:31,330 - Received message on exercise@UOI/demo: {'action': 'Connected', 'exercise': '/', 'code': '/', 'timestamp': '2025-08-09 12:03:30', 'message': '/', 'language': '/', 'speechRecognition': False, 'allowedRecognitionWords': [], 'allowedRecognitionWordsEnglish': []}
2025-08-09 00:03:31,330 - App has connected.
2025-08-09 00:03:31,980 - Waiting for app to connect...
2025-08-09 00:03:31,980 - App connected, continuing...
2025-08-09 00:03:32,842 - [5/5] Broadcasted: NEW IP - broker.emqx.io - 192.168.2.16
2025-08-09 00:03:33,983 - Published: {'action': 'LANGUAGE', 'exercise': '/', 'timestamp': '2025-08-09T00:03:33.983125', 'code': '', 'message': '', 'language': 'EN'} to exercise@UOI/demo
2025-08-09 00:03:34,083 - Received JSON message on exercise@UOI/demo: {'action': 'LANGUAGE', 'exercise': '/', 'timestamp': '2025-08-09T00:03:33.983125', 'code': '', 'message': '', 'language': 'EN'}
2025-08-09 00:03:34,083 - Received message on exercise@UOI/demo: {'action': 'LANGUAGE', 'exercise': '/', 'timestamp': '2025-08-09T00:03:33.983125', 'code': '', 'message': '', 'language': 'EN'}
2025-08-09 00:03:34,332 - Received JSON message on exercise@UOI/demo: {'action': 'ACK', 'exercise': '/', 'code': 'START_ACK', 'timestamp': '2025-08-09 12:03:33', 'message': '/', 'language': 'EN', 'speechRecognition': False, 'allowedRecognitionWords': [], 'allowedRecognitionWordsEnglish': []}
2025-08-09 00:03:34,332 - Received message on exercise@UOI/demo: {'action': 'ACK', 'exercise': '/', 'code': 'START_ACK', 'timestamp': '2025-08-09 12:03:33', 'message': '/', 'language': 'EN', 'speechRecognition': False, 'allowedRecognitionWords': [], 'allowedRecognitionWordsEnglish': []}
2025-08-09 00:03:34,332 - Received JSON message on exercise@UOI/demo: {'action': 'FINISH', 'exercise': '/', 'code': '/', 'timestamp': '2025-08-09 12:03:33', 'message': '/', 'language': 'EN', 'speechRecognition': False, 'allowedRecognitionWords': [], 'allowedRecognitionWordsEnglish': []}
2025-08-09 00:03:34,332 - Received message on exercise@UOI/demo: {'action': 'FINISH', 'exercise': '/', 'code': '/', 'timestamp': '2025-08-09 12:03:33', 'message': '/', 'language': 'EN', 'speechRecognition': False, 'allowedRecognitionWords': [], 'allowedRecognitionWordsEnglish': []}
2025-08-09 00:03:34,484 - Language set to EN
2025-08-09 00:03:34,484 - Running scenario...
2025-08-09 00:03:34,845 - Broadcast complete.
2025-08-09 00:03:35,464 - --- Daily Schedule --- original order
2025-08-09 00:03:35,465 - 1
2025-08-09 00:03:35,465 - Exercise 1 - Sit - Yaw
2025-08-09 00:03:35,465 - 4
2025-08-09 00:03:35,465 - Exercise 4 - Stand - Maintain Balance
2025-08-09 00:03:35,465 - 43
2025-08-09 00:03:35,465 - Exercise 43 - Overhead reach
2025-08-09 00:03:35,465 - 9
2025-08-09 00:03:35,465 - Exercise 9 - Walk - Yaw
2025-08-09 00:03:35,465 - 19
2025-08-09 00:03:35,465 - Exercise 19 - Lateral weight shifts
2025-08-09 00:03:35,465 - 18
2025-08-09 00:03:35,465 - Exercise 18 - Sit to Stand
2025-08-09 00:03:35,465 - 17
2025-08-09 00:03:35,465 - Exercise 17 - seated marching on the spot
2025-08-09 00:03:35,465 - 16
2025-08-09 00:03:35,465 - Exercise 16 - Heel raises (indication: STROKE ONLY* foot drop)
2025-08-09 00:03:35,465 - 15
2025-08-09 00:03:35,465 - Exercise 15 - Assisted toe raises (indication: STROKE ONLY* foot drop)
2025-08-09 00:03:35,465 - 3
2025-08-09 00:03:35,465 - Exercise 3 - Sit - Bend
2025-08-09 00:03:35,465 - 2
2025-08-09 00:03:35,465 - Exercise 2 - Sit - Pitch
2025-08-09 00:03:35,465 - 12
2025-08-09 00:03:35,465 - Stretch 2 - Seated lateral trunk flexion
2025-08-09 00:03:35,465 - 14
2025-08-09 00:03:35,465 - Exercise 14 - Seated trunk rotation
2025-08-09 00:03:35,465 - 20
2025-08-09 00:03:35,465 - Exercise 20 - Limits of stability (anteroposterior)
2025-08-09 00:03:35,465 - 21
2025-08-09 00:03:35,465 - Exercise 21 - Forward reach
2025-08-09 00:03:35,465 - --- Daily Schedule --- reordered order
2025-08-09 00:03:35,465 - 12
2025-08-09 00:03:35,465 - Stretch 2 - Seated lateral trunk flexion
2025-08-09 00:03:35,465 - 1
2025-08-09 00:03:35,465 - Exercise 1 - Sit - Yaw
2025-08-09 00:03:35,465 - 18
2025-08-09 00:03:35,465 - Exercise 18 - Sit to Stand
2025-08-09 00:03:35,465 - 17
2025-08-09 00:03:35,465 - Exercise 17 - seated marching on the spot
2025-08-09 00:03:35,465 - 16
2025-08-09 00:03:35,465 - Exercise 16 - Heel raises (indication: STROKE ONLY* foot drop)
2025-08-09 00:03:35,465 - 15
2025-08-09 00:03:35,465 - Exercise 15 - Assisted toe raises (indication: STROKE ONLY* foot drop)
2025-08-09 00:03:35,465 - 3
2025-08-09 00:03:35,465 - Exercise 3 - Sit - Bend
2025-08-09 00:03:35,465 - 2
2025-08-09 00:03:35,465 - Exercise 2 - Sit - Pitch
2025-08-09 00:03:35,465 - 14
2025-08-09 00:03:35,465 - Exercise 14 - Seated trunk rotation
2025-08-09 00:03:35,465 - 4
2025-08-09 00:03:35,465 - Exercise 4 - Stand - Maintain Balance
2025-08-09 00:03:35,465 - 43
2025-08-09 00:03:35,465 - Exercise 43 - Overhead reach
2025-08-09 00:03:35,465 - 19
2025-08-09 00:03:35,465 - Exercise 19 - Lateral weight shifts
2025-08-09 00:03:35,465 - 20
2025-08-09 00:03:35,465 - Exercise 20 - Limits of stability (anteroposterior)
2025-08-09 00:03:35,465 - 21
2025-08-09 00:03:35,465 - Exercise 21 - Forward reach
2025-08-09 00:03:35,465 - 9
2025-08-09 00:03:35,466 - Exercise 9 - Walk - Yaw
2025-08-09 00:03:35,466 - Exception in thread
2025-08-09 00:03:35,466 - Thread-1 (runScenario)
2025-08-09 00:03:35,466 - :
2025-08-09 00:03:35,466 - Traceback (most recent call last):
2025-08-09 00:03:35,466 - File "/usr/lib/python3.10/threading.py", line 1016, in _bootstrap_inner
2025-08-09 00:03:35,466 - self.run()
2025-08-09 00:03:35,466 - File "/usr/lib/python3.10/threading.py", line 953, in run
2025-08-09 00:03:35,466 - self._target(*self._args, **self._kwargs)
2025-08-09 00:03:35,466 - File "/home/vtsakan/Telerehab_DSS_GITHUB/TelerehabDSS/WP3/TeleRehaB_Clinics-20250808/clinic_main.py", line 458, in runScenario
2025-08-09 00:03:35,466 - send_exit()
2025-08-09 00:03:35,466 - TypeError
2025-08-09 00:03:35,466 - :
2025-08-09 00:03:35,466 - send_exit() missing 1 required positional argument: 'client'
2025-08-09 00:03:48,715 - Closing socket
2025-08-09 00:03:48,716 - Traceback (most recent call last):
2025-08-09 00:03:48,716 - File "/home/vtsakan/Telerehab_DSS_GITHUB/TelerehabDSS/WP3/TeleRehaB_Clinics-20250808/clinic_main.py", line 891, in <module>
2025-08-09 00:03:48,717 - client.loop_forever()
2025-08-09 00:03:48,717 - File "/home/vtsakan/.local/lib/python3.10/site-packages/paho/mqtt/client.py", line 2297, in loop_forever
2025-08-09 00:03:48,717 - rc = self._loop(timeout)
2025-08-09 00:03:48,717 - File "/home/vtsakan/.local/lib/python3.10/site-packages/paho/mqtt/client.py", line 1663, in _loop
2025-08-09 00:03:48,717 - socklist = select.select(rlist, wlist, [], timeout)
2025-08-09 00:03:48,717 - KeyboardInterrupt
2025-08-09 00:03:48,722 - Process Process-5:
2025-08-09 00:03:48,723 - Traceback (most recent call last):
2025-08-09 00:03:48,724 - File "/usr/lib/python3.10/multiprocessing/process.py", line 314, in _bootstrap
    self.run()
2025-08-09 00:03:48,724 - File "/usr/lib/python3.10/multiprocessing/process.py", line 108, in run
    self._target(*self._args, **self._kwargs)
2025-08-09 00:03:48,724 - File "/home/vtsakan/Telerehab_DSS_GITHUB/TelerehabDSS/WP3/TeleRehaB_Clinics-20250808/UDPSERVER.py", line 47, in start_unicast_server
    data, address = sock.recvfrom(1024)
2025-08-09 00:03:48,724 - KeyboardInterrupt
