2025-08-08 23:33:24,101 - /home/vtsakan/Telerehab_DSS_GITHUB/TelerehabDSS/WP3/TeleRehaB_Clinics-20250808/clinic_main.py:849: DeprecationWarning: Callback API version 1 is deprecated, update to latest version
  client = mqtt.Client()
2025-08-08 23:33:24,264 - Broadcasting broker IP: 192.168.2.16
2025-08-08 23:33:24,264 - [1/5] Broadcasted: NEW IP - broker.emqx.io - 192.168.2.16
2025-08-08 23:33:24,495 - JWT Token:
2025-08-08 23:33:24,495 - eyJhbGciOiJIUzI1NiIsInR5cCI6IkpXVCJ9.eyJFbWFpbCI6InRlc3REb2N0b3IiLCJSb2xlIjoiZG9jdG9yIiwiVXNlcklkIjoiMjYiLCJuYmYiOjE3NTQ2ODUyMDMsImV4cCI6MTc1NDcyODQwNCwiaXNzIjoiVGVsZXJlaGFiLWRldmVsb3AiLCJhdWQiOiJUZWxlcmVoYWItZGV2ZWxvcCJ9._0YPks4O7zoOwcCxyo2X_CfdGE7Klycuzy1UKOKoadg
2025-08-08 23:33:24,704 - apiKey:
2025-08-08 23:33:24,704 - j0oMeBtroHpvYrYGi7WhZV2yAQZynsFj2fukpgQr
2025-08-08 23:33:24,708 - Heartbeat server process started.
2025-08-08 23:33:24,712 - Connected to MQTT broker with result code 0
2025-08-08 23:33:24,713 - Listening for UDP messages on port 10000...
2025-08-08 23:33:24,715 - /home/vtsakan/Telerehab_DSS_GITHUB/TelerehabDSS/WP3/TeleRehaB_Clinics-20250808/clinic_main.py:370: DeprecationWarning: Callback API version 1 is deprecated, update to latest version
  client = mqtt.Client()
2025-08-08 23:33:24,856 - MQTT client initialized and connected to broker.
2025-08-08 23:33:25,160 - Connected to hardbeat server with result code
2025-08-08 23:33:25,160 - 0
2025-08-08 23:33:25,171 - Connected with result code 0
2025-08-08 23:33:25,433 - MAC address posted successfully.
2025-08-08 23:33:25,676 - Received non-JSON message on heartbeat/UOI/ack: ack
2025-08-08 23:33:25,676 - Received message on heartbeat/UOI/ack: ack
2025-08-08 23:33:25,677 - Message Received -> STARTVC
2025-08-08 23:33:25,714 - Received non-JSON message on heartbeat/UOI/ping: ping
2025-08-08 23:33:25,714 - Received heartbeat on heartbeat/UOI/ping: ping
2025-08-08 23:33:25,714 - Message Received -> up
2025-08-08 23:33:25,714 - Received message on heartbeat/UOI/ping: ping
2025-08-08 23:33:25,927 - Received non-JSON message on heartbeat/UOI/ack: ack
2025-08-08 23:33:25,927 - Received message on heartbeat/UOI/ack: ack
2025-08-08 23:33:25,927 - Received non-JSON message on heartbeat/UOI/ack: ack
2025-08-08 23:33:25,927 - Received message on heartbeat/UOI/ack: ack
2025-08-08 23:33:26,265 - [2/5] Broadcasted: NEW IP - broker.emqx.io - 192.168.2.16
2025-08-08 23:33:26,778 - Received non-JSON message on heartbeat/UOI/ping: ping
2025-08-08 23:33:26,778 - Received heartbeat on heartbeat/UOI/ping: ping
2025-08-08 23:33:26,778 - Received message on heartbeat/UOI/ping: ping
2025-08-08 23:33:26,902 - Received non-JSON message on heartbeat/UOI/ack: ack
2025-08-08 23:33:26,902 - Received message on heartbeat/UOI/ack: ack
2025-08-08 23:33:26,922 - Received non-JSON message on heartbeat/UOI/ack: ack
2025-08-08 23:33:26,922 - Received message on heartbeat/UOI/ack: ack
2025-08-08 23:33:28,267 - [3/5] Broadcasted: NEW IP - broker.emqx.io - 192.168.2.16
2025-08-08 23:33:29,440 - Received JSON message on exercise@UOI/demo: {'action': 'Connected', 'exercise': '/', 'code': '/', 'timestamp': '2025-08-08 11:33:28', 'message': '/', 'language': '/', 'speechRecognition': False, 'allowedRecognitionWords': [], 'allowedRecognitionWordsEnglish': []}
2025-08-08 23:33:29,440 - Received message on exercise@UOI/demo: {'action': 'Connected', 'exercise': '/', 'code': '/', 'timestamp': '2025-08-08 11:33:28', 'message': '/', 'language': '/', 'speechRecognition': False, 'allowedRecognitionWords': [], 'allowedRecognitionWordsEnglish': []}
2025-08-08 23:33:29,440 - App has connected.
2025-08-08 23:33:29,716 - Received non-JSON message on heartbeat/UOI/ack: ack
2025-08-08 23:33:29,716 - Received message on heartbeat/UOI/ack: ack
2025-08-08 23:33:29,813 - Message Received -> STOP_RECORDING
2025-08-08 23:33:30,269 - [4/5] Broadcasted: NEW IP - broker.emqx.io - 192.168.2.16
2025-08-08 23:33:31,436 - Waiting for app to connect...
2025-08-08 23:33:31,436 - App connected, continuing...
2025-08-08 23:33:32,272 - [5/5] Broadcasted: NEW IP - broker.emqx.io - 192.168.2.16
2025-08-08 23:33:33,438 - Published: {'action': 'LANGUAGE', 'exercise': '/', 'timestamp': '2025-08-08T23:33:33.438522', 'code': '', 'message': '', 'language': 'EN'} to exercise@UOI/demo
2025-08-08 23:33:33,723 - Received JSON message on exercise@UOI/demo: {'action': 'LANGUAGE', 'exercise': '/', 'timestamp': '2025-08-08T23:33:33.438522', 'code': '', 'message': '', 'language': 'EN'}
2025-08-08 23:33:33,723 - Received message on exercise@UOI/demo: {'action': 'LANGUAGE', 'exercise': '/', 'timestamp': '2025-08-08T23:33:33.438522', 'code': '', 'message': '', 'language': 'EN'}
2025-08-08 23:33:33,762 - Received JSON message on exercise@UOI/demo: {'action': 'ACK', 'exercise': '/', 'code': 'START_ACK', 'timestamp': '2025-08-08 11:33:33', 'message': '/', 'language': 'EN', 'speechRecognition': False, 'allowedRecognitionWords': [], 'allowedRecognitionWordsEnglish': []}
2025-08-08 23:33:33,762 - Received message on exercise@UOI/demo: {'action': 'ACK', 'exercise': '/', 'code': 'START_ACK', 'timestamp': '2025-08-08 11:33:33', 'message': '/', 'language': 'EN', 'speechRecognition': False, 'allowedRecognitionWords': [], 'allowedRecognitionWordsEnglish': []}
2025-08-08 23:33:34,047 - Received JSON message on exercise@UOI/demo: {'action': 'FINISH', 'exercise': '/', 'code': '/', 'timestamp': '2025-08-08 11:33:33', 'message': '/', 'language': 'EN', 'speechRecognition': False, 'allowedRecognitionWords': [], 'allowedRecognitionWordsEnglish': []}
2025-08-08 23:33:34,047 - Received message on exercise@UOI/demo: {'action': 'FINISH', 'exercise': '/', 'code': '/', 'timestamp': '2025-08-08 11:33:33', 'message': '/', 'language': 'EN', 'speechRecognition': False, 'allowedRecognitionWords': [], 'allowedRecognitionWordsEnglish': []}
2025-08-08 23:33:34,273 - Broadcast complete.
2025-08-08 23:33:34,439 - Language set to EN
2025-08-08 23:33:34,440 - Running scenario...
2025-08-08 23:33:35,275 - --- Daily Schedule --- original order
2025-08-08 23:33:35,275 - 1
2025-08-08 23:33:35,275 - Exercise 1 - Sit - Yaw
2025-08-08 23:33:35,275 - 4
2025-08-08 23:33:35,275 - Exercise 4 - Stand - Maintain Balance
2025-08-08 23:33:35,275 - 43
2025-08-08 23:33:35,275 - Exercise 43 - Overhead reach
2025-08-08 23:33:35,275 - 9
2025-08-08 23:33:35,275 - Exercise 9 - Walk - Yaw
2025-08-08 23:33:35,275 - 19
2025-08-08 23:33:35,275 - Exercise 19 - Lateral weight shifts
2025-08-08 23:33:35,275 - 18
2025-08-08 23:33:35,275 - Exercise 18 - Sit to Stand
2025-08-08 23:33:35,275 - 17
2025-08-08 23:33:35,275 - Exercise 17 - seated marching on the spot
2025-08-08 23:33:35,275 - 16
2025-08-08 23:33:35,275 - Exercise 16 - Heel raises (indication: STROKE ONLY* foot drop)
2025-08-08 23:33:35,275 - 15
2025-08-08 23:33:35,275 - Exercise 15 - Assisted toe raises (indication: STROKE ONLY* foot drop)
2025-08-08 23:33:35,275 - 3
2025-08-08 23:33:35,275 - Exercise 3 - Sit - Bend
2025-08-08 23:33:35,275 - 2
2025-08-08 23:33:35,275 - Exercise 2 - Sit - Pitch
2025-08-08 23:33:35,275 - 13
2025-08-08 23:33:35,275 - Stretch 3 - standing calf stretch
2025-08-08 23:33:35,275 - 12
2025-08-08 23:33:35,275 - Stretch 2 - Seated lateral trunk flexion
2025-08-08 23:33:35,275 - 14
2025-08-08 23:33:35,275 - Exercise 14 - Seated trunk rotation
2025-08-08 23:33:35,275 - 20
2025-08-08 23:33:35,276 - Exercise 20 - Limits of stability (anteroposterior)
2025-08-08 23:33:35,276 - 21
2025-08-08 23:33:35,276 - Exercise 21 - Forward reach
2025-08-08 23:33:35,276 - --- Daily Schedule --- reordered order
2025-08-08 23:33:35,276 - 13
2025-08-08 23:33:35,276 - Stretch 3 - standing calf stretch
2025-08-08 23:33:35,276 - 12
2025-08-08 23:33:35,276 - Stretch 2 - Seated lateral trunk flexion
2025-08-08 23:33:35,276 - 1
2025-08-08 23:33:35,276 - Exercise 1 - Sit - Yaw
2025-08-08 23:33:35,276 - 18
2025-08-08 23:33:35,276 - Exercise 18 - Sit to Stand
2025-08-08 23:33:35,276 - 17
2025-08-08 23:33:35,276 - Exercise 17 - seated marching on the spot
2025-08-08 23:33:35,276 - 16
2025-08-08 23:33:35,276 - Exercise 16 - Heel raises (indication: STROKE ONLY* foot drop)
2025-08-08 23:33:35,276 - 15
2025-08-08 23:33:35,276 - Exercise 15 - Assisted toe raises (indication: STROKE ONLY* foot drop)
2025-08-08 23:33:35,276 - 3
2025-08-08 23:33:35,276 - Exercise 3 - Sit - Bend
2025-08-08 23:33:35,276 - 2
2025-08-08 23:33:35,276 - Exercise 2 - Sit - Pitch
2025-08-08 23:33:35,276 - 14
2025-08-08 23:33:35,276 - Exercise 14 - Seated trunk rotation
2025-08-08 23:33:35,276 - 4
2025-08-08 23:33:35,276 - Exercise 4 - Stand - Maintain Balance
2025-08-08 23:33:35,276 - 43
2025-08-08 23:33:35,276 - Exercise 43 - Overhead reach
2025-08-08 23:33:35,276 - 19
2025-08-08 23:33:35,276 - Exercise 19 - Lateral weight shifts
2025-08-08 23:33:35,276 - 20
2025-08-08 23:33:35,276 - Exercise 20 - Limits of stability (anteroposterior)
2025-08-08 23:33:35,276 - 21
2025-08-08 23:33:35,276 - Exercise 21 - Forward reach
2025-08-08 23:33:35,276 - 9
2025-08-08 23:33:35,276 - Exercise 9 - Walk - Yaw
2025-08-08 23:33:35,276 - Processing Exercise ID: 13
2025-08-08 23:33:35,276 - Published: {'action': 'START', 'exercise': 'VC holobalance_stretching_3 P0', 'timestamp': '2025-08-08T23:33:35.276621', 'code': '', 'message': '', 'language': '/'} to exercise@UOI/demo
2025-08-08 23:33:35,382 - Received JSON message on exercise@UOI/demo: {'action': 'START', 'exercise': 'VC holobalance_stretching_3 P0', 'timestamp': '2025-08-08T23:33:35.276621', 'code': '', 'message': '', 'language': '/'}
2025-08-08 23:33:35,382 - Received message on exercise@UOI/demo: {'action': 'START', 'exercise': 'VC holobalance_stretching_3 P0', 'timestamp': '2025-08-08T23:33:35.276621', 'code': '', 'message': '', 'language': '/'}
2025-08-08 23:33:35,687 - Received JSON message on exercise@UOI/demo: {'action': 'ACK', 'exercise': 'VC holobalance_stretching_3 P0', 'code': 'START_ACK', 'timestamp': '2025-08-08 11:33:34', 'message': '/', 'language': '/', 'speechRecognition': False, 'allowedRecognitionWords': [], 'allowedRecognitionWordsEnglish': []}
2025-08-08 23:33:35,687 - Received message on exercise@UOI/demo: {'action': 'ACK', 'exercise': 'VC holobalance_stretching_3 P0', 'code': 'START_ACK', 'timestamp': '2025-08-08 11:33:34', 'message': '/', 'language': '/', 'speechRecognition': False, 'allowedRecognitionWords': [], 'allowedRecognitionWordsEnglish': []}
2025-08-08 23:33:43,056 - Received JSON message on exercise@UOI/demo: {'action': 'DEMO_START', 'exercise': 'VC holobalance_stretching_3 P0', 'code': '/', 'timestamp': '2025-33-08 11:33:42', 'message': '/', 'language': '/', 'speechRecognition': False, 'allowedRecognitionWords': [], 'allowedRecognitionWordsEnglish': []}
2025-08-08 23:33:43,056 - Received message on exercise@UOI/demo: {'action': 'DEMO_START', 'exercise': 'VC holobalance_stretching_3 P0', 'code': '/', 'timestamp': '2025-33-08 11:33:42', 'message': '/', 'language': '/', 'speechRecognition': False, 'allowedRecognitionWords': [], 'allowedRecognitionWordsEnglish': []}
2025-08-08 23:33:56,653 - Received non-JSON message on heartbeat/UOI/ping: ping
2025-08-08 23:33:56,653 - Received message on heartbeat/UOI/ping: ping
2025-08-08 23:33:56,752 - Received non-JSON message on heartbeat/UOI/ack: ack
2025-08-08 23:33:56,753 - Received message on heartbeat/UOI/ack: ack
2025-08-08 23:33:57,292 - Received heartbeat on heartbeat/UOI/ping: ping
2025-08-08 23:33:57,390 - Received non-JSON message on heartbeat/UOI/ack: ack
2025-08-08 23:33:57,390 - Received message on heartbeat/UOI/ack: ack
2025-08-08 23:33:57,702 - Received non-JSON message on heartbeat/UOI/ping: ping
2025-08-08 23:33:57,702 - Received message on heartbeat/UOI/ping: ping
2025-08-08 23:33:57,704 - Received heartbeat on heartbeat/UOI/ping: ping
2025-08-08 23:33:57,790 - Received non-JSON message on heartbeat/UOI/ack: ack
2025-08-08 23:33:57,790 - Received message on heartbeat/UOI/ack: ack
2025-08-08 23:33:57,806 - Received non-JSON message on heartbeat/UOI/ack: ack
2025-08-08 23:33:57,806 - Received message on heartbeat/UOI/ack: ack
2025-08-08 23:34:11,433 - Closing socket
2025-08-08 23:34:11,434 - Traceback (most recent call last):
2025-08-08 23:34:11,434 - File "/home/vtsakan/Telerehab_DSS_GITHUB/TelerehabDSS/WP3/TeleRehaB_Clinics-20250808/clinic_main.py", line 888, in <module>
2025-08-08 23:34:11,434 - client.loop_forever()
2025-08-08 23:34:11,434 - File "/home/vtsakan/.local/lib/python3.10/site-packages/paho/mqtt/client.py", line 2297, in loop_forever
2025-08-08 23:34:11,434 - rc = self._loop(timeout)
2025-08-08 23:34:11,435 - File "/home/vtsakan/.local/lib/python3.10/site-packages/paho/mqtt/client.py", line 1663, in _loop
2025-08-08 23:34:11,435 - socklist = select.select(rlist, wlist, [], timeout)
2025-08-08 23:34:11,435 - KeyboardInterrupt
2025-08-08 23:34:11,441 - Process Process-6:
2025-08-08 23:34:11,441 - Process Process-5:
2025-08-08 23:34:11,441 - Process Process-7:
2025-08-08 23:34:11,441 - Traceback (most recent call last):
2025-08-08 23:34:11,442 - File "/usr/lib/python3.10/multiprocessing/process.py", line 314, in _bootstrap
    self.run()
2025-08-08 23:34:11,442 - File "/usr/lib/python3.10/multiprocessing/process.py", line 108, in run
    self._target(*self._args, **self._kwargs)
2025-08-08 23:34:11,442 - File "/home/vtsakan/Telerehab_DSS_GITHUB/TelerehabDSS/WP3/TeleRehaB_Clinics-20250808/UDPSERVER.py", line 47, in start_unicast_server
    data, address = sock.recvfrom(1024)
2025-08-08 23:34:11,442 - KeyboardInterrupt
2025-08-08 23:34:11,442 - Traceback (most recent call last):
2025-08-08 23:34:11,442 - Traceback (most recent call last):
2025-08-08 23:34:11,442 - File "/usr/lib/python3.10/multiprocessing/process.py", line 314, in _bootstrap
    self.run()
2025-08-08 23:34:11,442 - File "/usr/lib/python3.10/multiprocessing/process.py", line 108, in run
    self._target(*self._args, **self._kwargs)
2025-08-08 23:34:11,442 - File "/home/vtsakan/Telerehab_DSS_GITHUB/TelerehabDSS/WP3/TeleRehaB_Clinics-20250808/clinic_main.py", line 151, in start_mqtt_listener
    client.loop_forever()  # Blocking call to listen continuously
2025-08-08 23:34:11,442 - File "/usr/lib/python3.10/multiprocessing/process.py", line 314, in _bootstrap
    self.run()
2025-08-08 23:34:11,442 - File "/home/vtsakan/.local/lib/python3.10/site-packages/paho/mqtt/client.py", line 2297, in loop_forever
    rc = self._loop(timeout)
2025-08-08 23:34:11,442 - File "/home/vtsakan/.local/lib/python3.10/site-packages/paho/mqtt/client.py", line 1663, in _loop
    socklist = select.select(rlist, wlist, [], timeout)
2025-08-08 23:34:11,442 - File "/usr/lib/python3.10/multiprocessing/process.py", line 108, in run
    self._target(*self._args, **self._kwargs)
2025-08-08 23:34:11,442 - KeyboardInterrupt
2025-08-08 23:34:11,442 - File "/home/vtsakan/Telerehab_DSS_GITHUB/TelerehabDSS/WP3/TeleRehaB_Clinics-20250808/clinic_main.py", line 375, in mqtt_heartbeat_server
    client.loop_forever()
2025-08-08 23:34:11,442 - File "/home/vtsakan/.local/lib/python3.10/site-packages/paho/mqtt/client.py", line 2297, in loop_forever
    rc = self._loop(timeout)
2025-08-08 23:34:11,442 - File "/home/vtsakan/.local/lib/python3.10/site-packages/paho/mqtt/client.py", line 1663, in _loop
    socklist = select.select(rlist, wlist, [], timeout)
2025-08-08 23:34:11,442 - KeyboardInterrupt
2025-08-08 23:34:11,709 - Exception ignored in:
2025-08-08 23:34:11,709 - <module 'threading' from '/usr/lib/python3.10/threading.py'>
2025-08-08 23:34:11,709 - Traceback (most recent call last):
2025-08-08 23:34:11,709 - File "/usr/lib/python3.10/threading.py", line 1567, in _shutdown
2025-08-08 23:34:11,709 - lock.acquire()
2025-08-08 23:34:11,709 - KeyboardInterrupt
2025-08-08 23:34:11,709 - :
