2025-08-08 23:37:16,350 - /home/vtsakan/Telerehab_DSS_GITHUB/TelerehabDSS/WP3/TeleRehaB_Clinics-20250808/clinic_main.py:849: DeprecationWarning: Callback API version 1 is deprecated, update to latest version
  client = mqtt.Client()
2025-08-08 23:37:16,569 - Broadcasting broker IP: 192.168.2.16
2025-08-08 23:37:16,569 - [1/5] Broadcasted: NEW IP - broker.emqx.io - 192.168.2.16
2025-08-08 23:37:16,881 - JWT Token:
2025-08-08 23:37:16,881 - eyJhbGciOiJIUzI1NiIsInR5cCI6IkpXVCJ9.eyJFbWFpbCI6InRlc3REb2N0b3IiLCJSb2xlIjoiZG9jdG9yIiwiVXNlcklkIjoiMjYiLCJuYmYiOjE3NTQ2ODU0MzUsImV4cCI6MTc1NDcyODYzNiwiaXNzIjoiVGVsZXJlaGFiLWRldmVsb3AiLCJhdWQiOiJUZWxlcmVoYWItZGV2ZWxvcCJ9._MZ1Azh5zfBPV-pAwb4Ut7zc0PFovA9Co1cMAZhCOZI
2025-08-08 23:37:17,118 - apiKey:
2025-08-08 23:37:17,118 - j0oMeBtroHpvYrYGi7WhZV2yAQZynsFj2fukpgQr
2025-08-08 23:37:17,122 - Connected to MQTT broker with result code 0
2025-08-08 23:37:17,127 - Listening for UDP messages on port 10000...
2025-08-08 23:37:17,250 - MQTT client initialized and connected to broker.
2025-08-08 23:37:17,554 - Connected with result code 0
2025-08-08 23:37:17,779 - MAC address posted successfully.
2025-08-08 23:37:18,070 - Received non-JSON message on heartbeat/UOI/ack: ack
2025-08-08 23:37:18,070 - Received message on heartbeat/UOI/ack: ack
2025-08-08 23:37:18,071 - Message Received -> STARTVC
2025-08-08 23:37:18,071 - Received non-JSON message on heartbeat/UOI/ping: ping
2025-08-08 23:37:18,071 - Message Received -> up
2025-08-08 23:37:18,071 - Received message on heartbeat/UOI/ping: ping
2025-08-08 23:37:18,169 - Received non-JSON message on heartbeat/UOI/ack: ack
2025-08-08 23:37:18,169 - Received message on heartbeat/UOI/ack: ack
2025-08-08 23:37:18,570 - [2/5] Broadcasted: NEW IP - broker.emqx.io - 192.168.2.16
2025-08-08 23:37:19,122 - Received non-JSON message on heartbeat/UOI/ping: ping
2025-08-08 23:37:19,122 - Received message on heartbeat/UOI/ping: ping
2025-08-08 23:37:19,206 - Received non-JSON message on heartbeat/UOI/ack: ack
2025-08-08 23:37:19,206 - Received message on heartbeat/UOI/ack: ack
2025-08-08 23:37:20,571 - [3/5] Broadcasted: NEW IP - broker.emqx.io - 192.168.2.16
2025-08-08 23:37:21,789 - Received JSON message on exercise@UOI/demo: {'action': 'Connected', 'exercise': '/', 'code': '/', 'timestamp': '2025-08-08 11:37:20', 'message': '/', 'language': '/', 'speechRecognition': False, 'allowedRecognitionWords': [], 'allowedRecognitionWordsEnglish': []}
2025-08-08 23:37:21,789 - Received message on exercise@UOI/demo: {'action': 'Connected', 'exercise': '/', 'code': '/', 'timestamp': '2025-08-08 11:37:20', 'message': '/', 'language': '/', 'speechRecognition': False, 'allowedRecognitionWords': [], 'allowedRecognitionWordsEnglish': []}
2025-08-08 23:37:21,789 - App has connected.
2025-08-08 23:37:21,870 - Received non-JSON message on heartbeat/UOI/ack: ack
2025-08-08 23:37:21,870 - Received message on heartbeat/UOI/ack: ack
2025-08-08 23:37:21,969 - Message Received -> STOP_RECORDING
2025-08-08 23:37:22,573 - [4/5] Broadcasted: NEW IP - broker.emqx.io - 192.168.2.16
2025-08-08 23:37:23,785 - Waiting for app to connect...
2025-08-08 23:37:23,785 - App connected, continuing...
2025-08-08 23:37:24,575 - [5/5] Broadcasted: NEW IP - broker.emqx.io - 192.168.2.16
2025-08-08 23:37:25,787 - Published: {'action': 'LANGUAGE', 'exercise': '/', 'timestamp': '2025-08-08T23:37:25.787487', 'code': '', 'message': '', 'language': 'EN'} to exercise@UOI/demo
2025-08-08 23:37:25,886 - Received JSON message on exercise@UOI/demo: {'action': 'LANGUAGE', 'exercise': '/', 'timestamp': '2025-08-08T23:37:25.787487', 'code': '', 'message': '', 'language': 'EN'}
2025-08-08 23:37:25,886 - Received message on exercise@UOI/demo: {'action': 'LANGUAGE', 'exercise': '/', 'timestamp': '2025-08-08T23:37:25.787487', 'code': '', 'message': '', 'language': 'EN'}
2025-08-08 23:37:26,182 - Received JSON message on exercise@UOI/demo: {'action': 'ACK', 'exercise': '/', 'code': 'START_ACK', 'timestamp': '2025-08-08 11:37:25', 'message': '/', 'language': 'EN', 'speechRecognition': False, 'allowedRecognitionWords': [], 'allowedRecognitionWordsEnglish': []}
2025-08-08 23:37:26,182 - Received message on exercise@UOI/demo: {'action': 'ACK', 'exercise': '/', 'code': 'START_ACK', 'timestamp': '2025-08-08 11:37:25', 'message': '/', 'language': 'EN', 'speechRecognition': False, 'allowedRecognitionWords': [], 'allowedRecognitionWordsEnglish': []}
2025-08-08 23:37:26,232 - Received JSON message on exercise@UOI/demo: {'action': 'FINISH', 'exercise': '/', 'code': '/', 'timestamp': '2025-08-08 11:37:25', 'message': '/', 'language': 'EN', 'speechRecognition': False, 'allowedRecognitionWords': [], 'allowedRecognitionWordsEnglish': []}
2025-08-08 23:37:26,232 - Received message on exercise@UOI/demo: {'action': 'FINISH', 'exercise': '/', 'code': '/', 'timestamp': '2025-08-08 11:37:25', 'message': '/', 'language': 'EN', 'speechRecognition': False, 'allowedRecognitionWords': [], 'allowedRecognitionWordsEnglish': []}
2025-08-08 23:37:26,288 - Language set to EN
2025-08-08 23:37:26,288 - Running scenario...
2025-08-08 23:37:26,577 - Broadcast complete.
2025-08-08 23:37:27,621 - --- Daily Schedule --- original order
2025-08-08 23:37:27,621 - 1
2025-08-08 23:37:27,621 - Exercise 1 - Sit - Yaw
2025-08-08 23:37:27,621 - 4
2025-08-08 23:37:27,621 - Exercise 4 - Stand - Maintain Balance
2025-08-08 23:37:27,621 - 43
2025-08-08 23:37:27,621 - Exercise 43 - Overhead reach
2025-08-08 23:37:27,621 - 9
2025-08-08 23:37:27,621 - Exercise 9 - Walk - Yaw
2025-08-08 23:37:27,621 - 19
2025-08-08 23:37:27,621 - Exercise 19 - Lateral weight shifts
2025-08-08 23:37:27,621 - 18
2025-08-08 23:37:27,621 - Exercise 18 - Sit to Stand
2025-08-08 23:37:27,621 - 17
2025-08-08 23:37:27,621 - Exercise 17 - seated marching on the spot
2025-08-08 23:37:27,621 - 16
2025-08-08 23:37:27,621 - Exercise 16 - Heel raises (indication: STROKE ONLY* foot drop)
2025-08-08 23:37:27,621 - 15
2025-08-08 23:37:27,621 - Exercise 15 - Assisted toe raises (indication: STROKE ONLY* foot drop)
2025-08-08 23:37:27,621 - 3
2025-08-08 23:37:27,621 - Exercise 3 - Sit - Bend
2025-08-08 23:37:27,621 - 2
2025-08-08 23:37:27,621 - Exercise 2 - Sit - Pitch
2025-08-08 23:37:27,621 - 13
2025-08-08 23:37:27,621 - Stretch 3 - standing calf stretch
2025-08-08 23:37:27,621 - 12
2025-08-08 23:37:27,621 - Stretch 2 - Seated lateral trunk flexion
2025-08-08 23:37:27,621 - 14
2025-08-08 23:37:27,621 - Exercise 14 - Seated trunk rotation
2025-08-08 23:37:27,621 - 20
2025-08-08 23:37:27,621 - Exercise 20 - Limits of stability (anteroposterior)
2025-08-08 23:37:27,621 - 21
2025-08-08 23:37:27,621 - Exercise 21 - Forward reach
2025-08-08 23:37:27,621 - --- Daily Schedule --- reordered order
2025-08-08 23:37:27,622 - 13
2025-08-08 23:37:27,622 - Stretch 3 - standing calf stretch
2025-08-08 23:37:27,622 - 12
2025-08-08 23:37:27,622 - Stretch 2 - Seated lateral trunk flexion
2025-08-08 23:37:27,622 - 1
2025-08-08 23:37:27,622 - Exercise 1 - Sit - Yaw
2025-08-08 23:37:27,622 - 18
2025-08-08 23:37:27,622 - Exercise 18 - Sit to Stand
2025-08-08 23:37:27,622 - 17
2025-08-08 23:37:27,622 - Exercise 17 - seated marching on the spot
2025-08-08 23:37:27,622 - 16
2025-08-08 23:37:27,622 - Exercise 16 - Heel raises (indication: STROKE ONLY* foot drop)
2025-08-08 23:37:27,622 - 15
2025-08-08 23:37:27,622 - Exercise 15 - Assisted toe raises (indication: STROKE ONLY* foot drop)
2025-08-08 23:37:27,622 - 3
2025-08-08 23:37:27,622 - Exercise 3 - Sit - Bend
2025-08-08 23:37:27,622 - 2
2025-08-08 23:37:27,622 - Exercise 2 - Sit - Pitch
2025-08-08 23:37:27,622 - 14
2025-08-08 23:37:27,622 - Exercise 14 - Seated trunk rotation
2025-08-08 23:37:27,622 - 4
2025-08-08 23:37:27,622 - Exercise 4 - Stand - Maintain Balance
2025-08-08 23:37:27,622 - 43
2025-08-08 23:37:27,622 - Exercise 43 - Overhead reach
2025-08-08 23:37:27,622 - 19
2025-08-08 23:37:27,622 - Exercise 19 - Lateral weight shifts
2025-08-08 23:37:27,622 - 20
2025-08-08 23:37:27,622 - Exercise 20 - Limits of stability (anteroposterior)
2025-08-08 23:37:27,622 - 21
2025-08-08 23:37:27,622 - Exercise 21 - Forward reach
2025-08-08 23:37:27,622 - 9
2025-08-08 23:37:27,622 - Exercise 9 - Walk - Yaw
2025-08-08 23:37:27,622 - Processing Exercise ID: 13
2025-08-08 23:37:27,622 - Published: {'action': 'START', 'exercise': 'VC holobalance_stretching_3 P0', 'timestamp': '2025-08-08T23:37:27.622851', 'code': '', 'message': '', 'language': '/'} to exercise@UOI/demo
2025-08-08 23:37:27,718 - Received JSON message on exercise@UOI/demo: {'action': 'START', 'exercise': 'VC holobalance_stretching_3 P0', 'timestamp': '2025-08-08T23:37:27.622851', 'code': '', 'message': '', 'language': '/'}
2025-08-08 23:37:27,718 - Received message on exercise@UOI/demo: {'action': 'START', 'exercise': 'VC holobalance_stretching_3 P0', 'timestamp': '2025-08-08T23:37:27.622851', 'code': '', 'message': '', 'language': '/'}
2025-08-08 23:37:28,027 - Received JSON message on exercise@UOI/demo: {'action': 'ACK', 'exercise': 'VC holobalance_stretching_3 P0', 'code': 'START_ACK', 'timestamp': '2025-08-08 11:37:27', 'message': '/', 'language': '/', 'speechRecognition': False, 'allowedRecognitionWords': [], 'allowedRecognitionWordsEnglish': []}
2025-08-08 23:37:28,027 - Received message on exercise@UOI/demo: {'action': 'ACK', 'exercise': 'VC holobalance_stretching_3 P0', 'code': 'START_ACK', 'timestamp': '2025-08-08 11:37:27', 'message': '/', 'language': '/', 'speechRecognition': False, 'allowedRecognitionWords': [], 'allowedRecognitionWordsEnglish': []}
2025-08-08 23:37:35,405 - Received JSON message on exercise@UOI/demo: {'action': 'DEMO_START', 'exercise': 'VC holobalance_stretching_3 P0', 'code': '/', 'timestamp': '2025-37-08 11:37:34', 'message': '/', 'language': '/', 'speechRecognition': False, 'allowedRecognitionWords': [], 'allowedRecognitionWordsEnglish': []}
2025-08-08 23:37:35,405 - Received message on exercise@UOI/demo: {'action': 'DEMO_START', 'exercise': 'VC holobalance_stretching_3 P0', 'code': '/', 'timestamp': '2025-37-08 11:37:34', 'message': '/', 'language': '/', 'speechRecognition': False, 'allowedRecognitionWords': [], 'allowedRecognitionWordsEnglish': []}
2025-08-08 23:37:49,121 - Received non-JSON message on heartbeat/UOI/ping: ping
2025-08-08 23:37:49,121 - Received message on heartbeat/UOI/ping: ping
2025-08-08 23:37:49,203 - Received non-JSON message on heartbeat/UOI/ack: ack
2025-08-08 23:37:49,203 - Received message on heartbeat/UOI/ack: ack
2025-08-08 23:37:50,033 - Received non-JSON message on heartbeat/UOI/ping: ping
2025-08-08 23:37:50,034 - Received message on heartbeat/UOI/ping: ping
2025-08-08 23:37:50,186 - Received non-JSON message on heartbeat/UOI/ack: ack
2025-08-08 23:37:50,186 - Received message on heartbeat/UOI/ack: ack
2025-08-08 23:38:20,145 - Received non-JSON message on heartbeat/UOI/ping: ping
2025-08-08 23:38:20,145 - Received message on heartbeat/UOI/ping: ping
2025-08-08 23:38:20,350 - Received non-JSON message on heartbeat/UOI/ack: ack
2025-08-08 23:38:20,350 - Received message on heartbeat/UOI/ack: ack
2025-08-08 23:38:21,081 - Received non-JSON message on heartbeat/UOI/ping: ping
2025-08-08 23:38:21,081 - Received message on heartbeat/UOI/ping: ping
2025-08-08 23:38:21,189 - Received non-JSON message on heartbeat/UOI/ack: ack
2025-08-08 23:38:21,189 - Received message on heartbeat/UOI/ack: ack
2025-08-08 23:38:32,434 - Received JSON message on exercise@UOI/demo: {'action': 'DEMO_END', 'exercise': 'VC holobalance_stretching_3 P0', 'code': '/', 'timestamp': '2025-38-08 11:38:31', 'message': '/', 'language': '/', 'speechRecognition': False, 'allowedRecognitionWords': [], 'allowedRecognitionWordsEnglish': []}
2025-08-08 23:38:32,434 - Received message on exercise@UOI/demo: {'action': 'DEMO_END', 'exercise': 'VC holobalance_stretching_3 P0', 'code': '/', 'timestamp': '2025-38-08 11:38:31', 'message': '/', 'language': '/', 'speechRecognition': False, 'allowedRecognitionWords': [], 'allowedRecognitionWordsEnglish': []}
2025-08-08 23:38:32,688 - Exercise demonstration for VC holobalance_stretching_3 P0 completed.
2025-08-08 23:38:32,688 - --- Starting the exercise ---
2025-08-08 23:38:32,995 - Message Received -> HEAD=FE:AC:84:C5:3D:E7-OFF,PELVIS=E2:5A:D0:3D:01:94-QUATERNIONS,LEFTFOOT=EF:0F:A9:3D:48:AA-QUATERNIONS,RIGHTFOOT=E1:55:61:CB:91:61-QUATERNIONS,exer_23
2025-08-08 23:38:36,800 - Message Received -> START_RECORDING
2025-08-08 23:38:36,904 - Received non-JSON message on polar@UOI: start
2025-08-08 23:38:36,904 - Received message on polar@UOI: start
2025-08-08 23:38:36,904 - MQTT client initialized and connected to broker.
2025-08-08 23:38:36,904 - Waiting for 'STARTCOUNTING' message...
2025-08-08 23:38:37,248 - Connected with result code 0
2025-08-08 23:38:41,991 - MQTT client initialized and connected to broker.
2025-08-08 23:38:42,001 - config_dict =
2025-08-08 23:38:42,001 - {'PELVIS': ('E2:5A:D0:3D:01:94', 'QUATERNIONS'), 'LEFTFOOT': ('EF:0F:A9:3D:48:AA', 'QUATERNIONS'), 'RIGHTFOOT': ('E1:55:61:CB:91:61', 'QUATERNIONS')}
2025-08-08 23:38:42,001 - ------------------------------------------
2025-08-08 23:38:42,001 - exercise_code =
2025-08-08 23:38:42,001 - exer_23
2025-08-08 23:38:42,007 - expected_body_parts =
2025-08-08 23:38:42,007 - {'RIGHTFOOT', 'LEFTFOOT', 'PELVIS'}
2025-08-08 23:38:42,369 - Connected with result code 0
2025-08-08 23:38:46,095 - Closing socket
2025-08-08 23:38:46,095 - Traceback (most recent call last):
2025-08-08 23:38:46,096 - File "/home/vtsakan/Telerehab_DSS_GITHUB/TelerehabDSS/WP3/TeleRehaB_Clinics-20250808/clinic_main.py", line 890, in <module>
2025-08-08 23:38:46,096 - client.loop_forever()
2025-08-08 23:38:46,096 - File "/home/vtsakan/.local/lib/python3.10/site-packages/paho/mqtt/client.py", line 2297, in loop_forever
2025-08-08 23:38:46,096 - rc = self._loop(timeout)
2025-08-08 23:38:46,096 - File "/home/vtsakan/.local/lib/python3.10/site-packages/paho/mqtt/client.py", line 1663, in _loop
2025-08-08 23:38:46,096 - socklist = select.select(rlist, wlist, [], timeout)
2025-08-08 23:38:46,096 - KeyboardInterrupt
2025-08-08 23:38:46,101 - Process Process-6:
2025-08-08 23:38:46,102 - Process Process-5:
2025-08-08 23:38:46,102 - Traceback (most recent call last):
2025-08-08 23:38:46,102 - File "/usr/lib/python3.10/multiprocessing/process.py", line 314, in _bootstrap
    self.run()
2025-08-08 23:38:46,102 - File "/usr/lib/python3.10/multiprocessing/process.py", line 108, in run
    self._target(*self._args, **self._kwargs)
2025-08-08 23:38:46,102 - File "/home/vtsakan/Telerehab_DSS_GITHUB/TelerehabDSS/WP3/TeleRehaB_Clinics-20250808/data_management_v05.py", line 241, in scheduler
    if (not scheduleQueue.empty()):
2025-08-08 23:38:46,102 - File "<string>", line 2, in empty
2025-08-08 23:38:46,102 - Traceback (most recent call last):
2025-08-08 23:38:46,102 - File "/usr/lib/python3.10/multiprocessing/managers.py", line 818, in _callmethod
    kind, result = conn.recv()
2025-08-08 23:38:46,102 - File "/usr/lib/python3.10/multiprocessing/connection.py", line 250, in recv
    buf = self._recv_bytes()
2025-08-08 23:38:46,102 - File "/usr/lib/python3.10/multiprocessing/process.py", line 314, in _bootstrap
    self.run()
2025-08-08 23:38:46,102 - File "/usr/lib/python3.10/multiprocessing/connection.py", line 414, in _recv_bytes
    buf = self._recv(4)
2025-08-08 23:38:46,102 - File "/usr/lib/python3.10/multiprocessing/process.py", line 108, in run
    self._target(*self._args, **self._kwargs)
2025-08-08 23:38:46,103 - File "/usr/lib/python3.10/multiprocessing/connection.py", line 379, in _recv
    chunk = read(handle, remaining)
2025-08-08 23:38:46,103 - File "/home/vtsakan/Telerehab_DSS_GITHUB/TelerehabDSS/WP3/TeleRehaB_Clinics-20250808/UDPSERVER.py", line 47, in start_unicast_server
    data, address = sock.recvfrom(1024)
2025-08-08 23:38:46,103 - KeyboardInterrupt
2025-08-08 23:38:46,103 - KeyboardInterrupt
2025-08-08 23:38:46,109 - Process Process-7:
2025-08-08 23:38:46,110 - Traceback (most recent call last):
2025-08-08 23:38:46,110 - File "/usr/lib/python3.10/multiprocessing/process.py", line 314, in _bootstrap
    self.run()
2025-08-08 23:38:46,110 - File "/usr/lib/python3.10/multiprocessing/process.py", line 108, in run
    self._target(*self._args, **self._kwargs)
2025-08-08 23:38:46,110 - File "/home/vtsakan/Telerehab_DSS_GITHUB/TelerehabDSS/WP3/TeleRehaB_Clinics-20250808/data_management_v05.py", line 2246, in receive_imu_data
    data = q.get(timeout=40)  # Read data from the dataQueue
2025-08-08 23:38:46,110 - File "<string>", line 2, in get
2025-08-08 23:38:46,110 - File "/usr/lib/python3.10/multiprocessing/managers.py", line 818, in _callmethod
    kind, result = conn.recv()
2025-08-08 23:38:46,110 - File "/usr/lib/python3.10/multiprocessing/connection.py", line 250, in recv
    buf = self._recv_bytes()
2025-08-08 23:38:46,110 - File "/usr/lib/python3.10/multiprocessing/connection.py", line 414, in _recv_bytes
    buf = self._recv(4)
2025-08-08 23:38:46,110 - File "/usr/lib/python3.10/multiprocessing/connection.py", line 379, in _recv
    chunk = read(handle, remaining)
2025-08-08 23:38:46,110 - KeyboardInterrupt
2025-08-08 23:38:46,360 - Received non-JSON message on polar@UOI: stop
2025-08-08 23:38:46,360 - Received message on polar@UOI: stop
2025-08-08 23:38:46,441 - Exception ignored in:
2025-08-08 23:38:46,441 - <module 'threading' from '/usr/lib/python3.10/threading.py'>
2025-08-08 23:38:46,441 - Traceback (most recent call last):
2025-08-08 23:38:46,442 - File "/usr/lib/python3.10/threading.py", line 1567, in _shutdown
2025-08-08 23:38:46,442 - lock.acquire()
2025-08-08 23:38:46,442 - KeyboardInterrupt
2025-08-08 23:38:46,442 - :
