2025-08-09 00:33:37,332 [INFO] Starting Heartbeat Checker...
2025-08-09 00:33:37,451 [INFO] Client marked ONLINE
2025-08-09 00:33:37,790 [INFO] Connected to MQTT broker.emqx.io:1883
2025-08-09 00:33:37,790 [INFO] Subscribing to: heartbeat/UOI/ping
2025-08-09 00:33:38,696 [INFO] Ping on heartbeat/UOI/ping: 'ping'
2025-08-09 00:33:39,619 [INFO] Ping on heartbeat/UOI/ping: 'ping'
2025-08-09 00:34:09,625 [INFO] Ping on heartbeat/UOI/ping: 'ping'
2025-08-09 00:34:10,648 [INFO] Ping on heartbeat/UOI/ping: 'ping'
2025-08-09 00:34:40,649 [INFO] Ping on heartbeat/UOI/ping: 'ping'
2025-08-09 00:34:41,672 [INFO] Ping on heartbeat/UOI/ping: 'ping'
2025-08-09 00:35:11,678 [INFO] Ping on heartbeat/UOI/ping: 'ping'
2025-08-09 00:35:12,596 [INFO] Ping on heartbeat/UOI/ping: 'ping'
2025-08-09 00:35:42,600 [INFO] Ping on heartbeat/UOI/ping: 'ping'
2025-08-09 00:35:43,727 [INFO] Ping on heartbeat/UOI/ping: 'ping'
2025-08-09 00:36:13,627 [INFO] Ping on heartbeat/UOI/ping: 'ping'
2025-08-09 00:36:14,652 [INFO] Ping on heartbeat/UOI/ping: 'ping'
2025-08-09 00:36:44,655 [INFO] Ping on heartbeat/UOI/ping: 'ping'
2025-08-09 00:36:45,679 [INFO] Ping on heartbeat/UOI/ping: 'ping'
2025-08-09 00:37:15,684 [INFO] Ping on heartbeat/UOI/ping: 'ping'
2025-08-09 00:37:16,706 [INFO] Ping on heartbeat/UOI/ping: 'ping'
2025-08-09 00:37:46,709 [INFO] Ping on heartbeat/UOI/ping: 'ping'
2025-08-09 00:37:47,738 [INFO] Ping on heartbeat/UOI/ping: 'ping'
2025-08-09 00:38:17,636 [INFO] Ping on heartbeat/UOI/ping: 'ping'
2025-08-09 00:38:18,661 [INFO] Ping on heartbeat/UOI/ping: 'ping'
2025-08-09 00:39:48,661 [WARNING] ------------------------------------------------------------
2025-08-09 00:39:48,661 [WARNING] CRITICAL: Heartbeat timeout (> 90s). Android app OFFLINE.
2025-08-09 00:39:48,661 [WARNING] ------------------------------------------------------------
2025-08-09 00:39:48,661 [INFO] Powering off system...
